<?xml version="1.0" encoding="UTF-8"?>
<!-- Generated by org.testng.reporters.JUnitReportReporter -->
<testsuite hostname="LAPTOP-7CS1HTR1" name="New.Prop" tests="1" failures="0" timestamp="28 Sep 2018 03:15:31 GMT" time="0.012" errors="0">
  <testcase name="testGrid" time="0.012" classname="New.Prop"/>
</testsuite> <!-- New.Prop -->
