<?xml version="1.0" encoding="UTF-8"?>
<!-- Generated by org.testng.reporters.JUnitReportReporter -->
<testsuite hostname="LAPTOP-7CS1HTR1" name="New.Grid" tests="2" failures="0" timestamp="27 Sep 2018 04:10:55 GMT" time="95.403" errors="0">
  <testcase name="testGrid" time="46.865" classname="New.Grid"/>
  <testcase name="testGrid" time="48.538" classname="New.Grid"/>
</testsuite> <!-- New.Grid -->
