<?xml version="1.0" encoding="UTF-8"?>
<!-- Generated by org.testng.reporters.JUnitReportReporter -->
<testsuite hostname="LAPTOP-7CS1HTR1" name="TestNG.DemoB" tests="2" failures="0" timestamp="21 Sep 2018 05:28:04 GMT" time="0.005" errors="0">
  <testcase name="testB2" time="0.002" classname="TestNG.DemoB"/>
  <testcase name="testB1" time="0.003" classname="TestNG.DemoB"/>
</testsuite> <!-- TestNG.DemoB -->
