<?xml version="1.0" encoding="UTF-8"?>
<!-- Generated by org.testng.reporters.JUnitReportReporter -->
<testsuite hostname="LAPTOP-7CS1HTR1" name="TestNG.Demo" tests="2" failures="0" timestamp="22 Oct 2018 20:05:16 GMT" time="0.053" errors="0">
  <testcase name="createUser" time="0.007" classname="TestNG.Demo"/>
  <testcase name="createUser" time="0.046" classname="TestNG.Demo"/>
</testsuite> <!-- TestNG.Demo -->
