<?xml version="1.0" encoding="UTF-8"?>
<!-- Generated by org.testng.reporters.JUnitReportReporter -->
<testsuite hostname="LAPTOP-7CS1HTR1" name="Suit.Demo" tests="1" failures="0" timestamp="26 Sep 2018 03:48:26 GMT" time="0.010" errors="0">
  <testcase name="testA" time="0.010" classname="Suit.Demo"/>
</testsuite> <!-- Suit.Demo -->
