<?xml version="1.0" encoding="UTF-8"?>
<!-- Generated by org.testng.reporters.JUnitReportReporter -->
<testsuite hostname="LAPTOP-7CS1HTR1" name="TestNG.DemoC" tests="2" failures="0" timestamp="24 Sep 2018 04:00:24 GMT" time="0.010" errors="0">
  <testcase name="createUser" time="0.005" classname="TestNG.DemoC"/>
  <testcase name="createProduct" time="0.005" classname="TestNG.DemoC"/>
</testsuite> <!-- TestNG.DemoC -->
