<?xml version="1.0" encoding="UTF-8"?>
<!-- Generated by org.testng.reporters.JUnitReportReporter -->
<testsuite hostname="LAPTOP-7CS1HTR1" name="TestNG.DemoA" tests="1" failures="0" timestamp="21 Sep 2018 05:28:04 GMT" time="0.007" errors="0">
  <testcase name="testA" time="0.007" classname="TestNG.DemoA"/>
</testsuite> <!-- TestNG.DemoA -->
