<?xml version="1.0" encoding="UTF-8"?>
<!-- Generated by org.testng.reporters.JUnitReportReporter -->
<testsuite hostname="LAPTOP-7CS1HTR1" name="TestNG.NewTest" tests="1" failures="0" timestamp="21 Sep 2018 02:48:05 GMT" time="0.017" errors="0">
  <testcase name="f" time="0.017" classname="TestNG.NewTest"/>
</testsuite> <!-- TestNG.NewTest -->
